<?xml version="1.0" encoding="UTF-8"?>
<!-- Generated by org.testng.reporters.JUnitXMLReporter -->
<testsuite ignored="0" hostname="DESKTOP-S175QS1" failures="1" tests="2" name="citi Testcases" time="52.226" errors="0" timestamp="2021-01-25T19:11:57 GMT-05:00">
  <testcase classname="com.citi.testcases.HomePageTestCase" name="mydemotest2" time="0.019"/>
  <testcase classname="com.citi.testcases.HomePageTestCase" name="verifyTitle" time="0.049">
    <failure type="java.lang.AssertionError" message="expected [cc] but found [Property for Sale in London - Buy Properties in London - Zoopla]">
      <![CDATA[java.lang.AssertionError: expected [cc] but found [Property for Sale in London - Buy Properties in London - Zoopla]
at com.citi.testcases.HomePageTestCase.verifyTitle(HomePageTestCase.java:42)
at java.base/java.util.ArrayList.forEach(ArrayList.java:1540)
... Removed 32 stack frames]]>
    </failure>
  </testcase> <!-- verifyTitle -->
</testsuite> <!-- citi Testcases -->
